<?xml version="1.0" encoding="UTF-8"?>
<!-- Generated by org.testng.reporters.JUnitReportReporter -->
<testsuite skipped="0" hostname="Shahzads-MBP.home" name="com.crm.qa.testcases.FreeCRMLandingTest" tests="3" failures="0" timestamp="2020-04-26T16:52:39 EDT" time="6.929" errors="0">
  <testcase name="freeCRMLandingTitleValidations" time="2.660" classname="com.crm.qa.testcases.FreeCRMLandingTest"/>
  <system-out/>
  <testcase name="freeCRMLandingLogoValidations" time="1.972" classname="com.crm.qa.testcases.FreeCRMLandingTest"/>
  <system-out/>
  <testcase name="usrClkLoginButton" time="2.297" classname="com.crm.qa.testcases.FreeCRMLandingTest"/>
  <system-out/>
</testsuite> <!-- com.crm.qa.testcases.FreeCRMLandingTest -->
