<?xml version="1.0" encoding="UTF-8"?>
<!-- Generated by org.testng.reporters.JUnitReportReporter -->
<testsuite skipped="0" hostname="Shahzads-MBP.home" name="com.crm.qa.testcases.LoginPageTest" tests="2" failures="0" timestamp="2020-04-26T16:52:39 EDT" time="7.380" errors="0">
  <testcase name="validateLoginPageTitle" time="2.266" classname="com.crm.qa.testcases.LoginPageTest"/>
  <system-out/>
  <testcase name="userLoginTest" time="5.114" classname="com.crm.qa.testcases.LoginPageTest"/>
  <system-out/>
</testsuite> <!-- com.crm.qa.testcases.LoginPageTest -->
