<?xml version="1.0" encoding="UTF-8"?>
<!-- Generated by org.testng.reporters.JUnitReportReporter -->
<testsuite skipped="0" hostname="Shahzads-MBP.home" name="com.crm.qa.testcases.HomePageTest" tests="2" failures="0" timestamp="2020-04-26T16:52:39 EDT" time="16.727" errors="0">
  <testcase name="verifyHomePageTitle" time="12.201" classname="com.crm.qa.testcases.HomePageTest"/>
  <system-out/>
  <testcase name="validateUserNameLabel" time="4.526" classname="com.crm.qa.testcases.HomePageTest"/>
  <system-out/>
</testsuite> <!-- com.crm.qa.testcases.HomePageTest -->
